<?xml version="1.0" encoding="utf-8" standalone="no"?>
<!--This file represents the results of running a test suite-->
<test-results name="bin/Release/Mastercard-Core-CSharp.dll" total="3" failures="0" not-run="0" date="2016-02-16" time="10:26:09">
  <environment nunit-version="2.4.8.0" clr-version="4.0.30319.17020" os-version="Unix 15.2.0.0" platform="Unix" cwd="/Users/andrearizzini/Workspace/sdk-core-charp" machine-name="admins-MacBook-Pro-8.local" user="andrearizzini" user-domain="admins-MacBook-Pro-8.local" />
  <culture-info current-culture="en-IE" current-uiculture="en-IE" />
  <test-suite name="bin/Release/Mastercard-Core-CSharp.dll" success="True" time="0.208" asserts="0">
    <results>
      <test-suite name="BaseTest" success="True" time="0.202" asserts="0">
        <results>
          <test-case name="BaseTest.TestBase64" executed="True" success="True" time="0.059" asserts="1" />
          <test-case name="BaseTest.TestGenerateSignature" executed="True" success="True" time="0.127" asserts="2" />
          <test-case name="BaseTest.TestSHA1" executed="True" success="True" time="0.010" asserts="1" />
        </results>
      </test-suite>
    </results>
  </test-suite>
</test-results>